<?xml version="1.0" encoding="UTF-8"?>
<!-- Generated by org.testng.reporters.JUnitXMLReporter -->
<testsuite hostname="DESKTOP-R2I8UBR" ignored="0" name="example_test" tests="4" failures="0" timestamp="2019-12-10T17:15:38 CST" time="0.107" errors="0">
  <testcase name="returnFalse" time="0.008" classname="com.perscholas.testng_project.SimpleClassTests01"/>
  <testcase name="returnTrue" time="0.004" classname="com.perscholas.testng_project.SimpleClassTests01"/>
  <testcase name="returnList" time="0.01" classname="com.perscholas.testng_project.SimpleClassTests02"/>
  <testcase name="returnMap" time="0.005" classname="com.perscholas.testng_project.SimpleClassTests02"/>
</testsuite> <!-- example_test -->
