<?xml version="1.0" encoding="UTF-8"?>
<testng-results skipped="0" failed="0" ignored="0" total="1" passed="1">
  <reporter-output>
  </reporter-output>
  <suite name="Default suite" duration-ms="8522" started-at="2019-12-10T20:37:20 CST" finished-at="2019-12-10T20:37:29 CST">
    <groups>
      <group name="cucumber">
        <method signature="AbstractTestNGCucumberTests.feature(cucumber.api.testng.CucumberFeatureWrapper)[pri:0, instance:com.perscholas.testng_project.runners.PerScholasLocationInfoRunner@711f39f9]" name="feature" class="cucumber.api.testng.AbstractTestNGCucumberTests"/>
      </group> <!-- cucumber -->
    </groups>
    <test name="Default test" duration-ms="8522" started-at="2019-12-10T20:37:20 CST" finished-at="2019-12-10T20:37:29 CST">
      <class name="com.perscholas.testng_project.runners.PerScholasLocationInfoRunner">
        <test-method status="PASS" signature="setUpClass()[pri:0, instance:com.perscholas.testng_project.runners.PerScholasLocationInfoRunner@711f39f9]" name="setUpClass" is-config="true" duration-ms="279" started-at="2019-12-10T20:37:21 CST" finished-at="2019-12-10T20:37:21 CST">
          <reporter-output>
          </reporter-output>
        </test-method> <!-- setUpClass -->
        <test-method status="PASS" signature="feature(cucumber.api.testng.CucumberFeatureWrapper)[pri:0, instance:com.perscholas.testng_project.runners.PerScholasLocationInfoRunner@711f39f9]" name="feature" duration-ms="8101" started-at="2019-12-10T20:37:21 CST" description="Runs Cucumber Feature" data-provider="features" finished-at="2019-12-10T20:37:29 CST">
          <params>
            <param index="0">
              <value>
                <![CDATA[View the Per Scholas website to get information]]>
              </value>
            </param>
          </params>
          <reporter-output>
          </reporter-output>
        </test-method> <!-- feature -->
        <test-method status="PASS" signature="tearDownClass()[pri:0, instance:com.perscholas.testng_project.runners.PerScholasLocationInfoRunner@711f39f9]" name="tearDownClass" is-config="true" duration-ms="6" started-at="2019-12-10T20:37:29 CST" finished-at="2019-12-10T20:37:29 CST">
          <reporter-output>
          </reporter-output>
        </test-method> <!-- tearDownClass -->
      </class> <!-- com.perscholas.testng_project.runners.PerScholasLocationInfoRunner -->
    </test> <!-- Default test -->
  </suite> <!-- Default suite -->
</testng-results>
